/*C1*/SET SCHEMA SYSTEM_LOBS
INSERT INTO BLOCKS VALUES(0,2147483647,0)
COMMIT
/*C2*/SET SCHEMA PUBLIC
DISCONNECT
/*C3*/SET SCHEMA PUBLIC
CREATE TABLE USUARIO(\u000aID identity,\u000aLOGIN varchar(20) not null,\u000aSENHA VARCHAR(255) NOT NULL,\u000aNOME varchar(255) not null,\u000aisBARBEIRO varchar(5) not null,\u000aTELEFONE VARCHAR(255) NOT NULL,\u000aCEP VARCHAR(20) NOT NULL,\u000aESTADO VARCHAR(2) NOT NULL,\u000aCIDADE VARCHAR(255) NOT NULL,\u000aBAIRRO VARCHAR(255) NOT NULL,\u000aRUA VARCHAR(255) NOT NULL,\u000aNUMEROCASA INT NOT NULL,\u0009\u000aCOMPLEMENTO VARCHAR(255) NOT NULL,\u0009\u000aCPF VARCHAR(22) NOT NULL)
INSERT INTO USUARIO VALUES(0,'admin','admin','Usuario teste','true','71 987802314','42739035','BA','Lauro de Freitas','Itinga','Rua louren\u00e7o f dos santos',28,'predio de 3 andares','058058695407')
COMMIT
INSERT INTO USUARIO VALUES(1,'clienteTeste','admin','Usuario clienteTeste','false','71987706124','42739035','BA','Lauro de Freitas','Itinga','Rua louren\u00e7o f dos santos',25,'casa azul de port\u00e3o de ferro','057057487407')
COMMIT
\u000aCREATE TABLE NOTIFICACAO(\u000aCLIENTE_ID INT NOT NULL,\u000aBARBEIRO_ID INT NOT NULL,\u000aMENSAGEM VARCHAR(255) NOT NULL,\u000aDATA_MARCADA DATE NOT NULL,\u000aDATA_NOTIFICACAO DATE NOT NULL\u000a)
\u000aalter TABLE NOTIFICACAO add ID_NOTIFICACAO identity
/*C4*/SET SCHEMA PUBLIC
DISCONNECT
/*C3*/alter table usuario add VALOR VARCHAR(255)
DELETE FROM USUARIO WHERE ID=0
DELETE FROM USUARIO WHERE ID=1
INSERT INTO USUARIO VALUES(0,'admin','admin','Usuario teste','true','71 987802314','42739035','BA','Lauro de Freitas','Itinga','Rua louren\u00e7o f dos santos',28,'predio de 3 andares','058058695407','')
INSERT INTO USUARIO VALUES(1,'clienteTeste','admin','Usuario clienteTeste','false','71987706124','42739035','BA','Lauro de Freitas','Itinga','Rua louren\u00e7o f dos santos',25,'casa azul de port\u00e3o de ferro','057057487407','')
COMMIT
DELETE FROM USUARIO WHERE ID=0
INSERT INTO USUARIO VALUES(0,'admin','admin','Usuario teste','true','71 987802314','42739035','BA','Lauro de Freitas','Itinga','Rua louren\u00e7o f dos santos',28,'predio de 3 andares','058058695407','15,00')
COMMIT
/*C5*/SET SCHEMA PUBLIC
DISCONNECT
/*C6*/SET SCHEMA PUBLIC
DISCONNECT
/*C7*/SET SCHEMA PUBLIC
DISCONNECT
/*C8*/SET SCHEMA PUBLIC
INSERT INTO USUARIO VALUES(2,'vivizita','vivi123','Vitoria Silva','true','(75) 9 9907-8912','49100000','SE','S\u00c3\u00a3o Crist\u00c3\u00b3v\u00c3\u00a3o','Rosa Elze','Projetada',210,'Condominio mais viver atlantico','084.413.625-74','15,00')
COMMIT
/*C3*/DISCONNECT
